C:\Program Files (x86)\Microsoft Visual Studio\2019\Community\MSBuild\Microsoft\VC\v160\Microsoft.CppBuild.targets(477,5): warning MSB8004: Output Directory does not end with a trailing slash.  This build instance will add the slash as it is required to allow proper evaluation of the Output Directory.
  lapi.c
  lauxlib.c
  lbaselib.c
  lbitlib.c
  lcode.c
  lcorolib.c
  lctype.c
  ldblib.c
  ldebug.c
  ldo.c
  ldump.c
  lfunc.c
  lgc.c
  linit.c
  liolib.c
  llex.c
  lmathlib.c
  lmem.c
  loadlib.c
  lobject.c
  Compiling...
  lopcodes.c
  loslib.c
  lparser.c
  lstate.c
  lstring.c
  lstrlib.c
  ltable.c
  ltablib.c
  ltm.c
  lundump.c
  lvm.c
  lzio.c
  Lua.vcxproj -> D:\source\repos\CODJSLoader\lib\Release\lua\lua.lib
